{"/Users/scott/Documents/Jest/basic/app.js": {"path":"/Users/scott/Documents/Jest/basic/app.js","statementMap":{"0":{"start":{"line":2,"column":4},"end":{"line":2,"column":57}},"1":{"start":{"line":5,"column":4},"end":{"line":5,"column":59}},"2":{"start":{"line":8,"column":0},"end":{"line":8,"column":32}}},"fnMap":{"0":{"name":"proj1","decl":{"start":{"line":1,"column":9},"end":{"line":1,"column":14}},"loc":{"start":{"line":1,"column":21},"end":{"line":3,"column":1}},"line":1},"1":{"name":"proj2","decl":{"start":{"line":4,"column":9},"end":{"line":4,"column":14}},"loc":{"start":{"line":4,"column":21},"end":{"line":6,"column":1}},"line":4}},"branchMap":{"0":{"loc":{"start":{"line":2,"column":11},"end":{"line":2,"column":57}},"type":"cond-expr","locations":[{"start":{"line":2,"column":24},"end":{"line":2,"column":40}},{"start":{"line":2,"column":42},"end":{"line":2,"column":57}}],"line":2},"1":{"loc":{"start":{"line":5,"column":11},"end":{"line":5,"column":59}},"type":"cond-expr","locations":[{"start":{"line":5,"column":25},"end":{"line":5,"column":41}},{"start":{"line":5,"column":43},"end":{"line":5,"column":59}}],"line":5}},"s":{"0":1,"1":1,"2":1},"f":{"0":1,"1":1},"b":{"0":[1,0],"1":[1,0]},"_coverageSchema":"1a1c01bbd47fc00a2c39e90264f33305004495a9","hash":"6ed5a71146db32037a3337152565fb5945de4bbb"}
}
